<INFO> 5-Aug-2016::01:23:02.444 ubuntu confd[27951]: netconf id=11 new ssh session for user "admin" from 127.0.0.1
<INFO> 5-Aug-2016::01:23:02.493 ubuntu confd[27951]: netconf id=11 got rpc: {urn:ietf:params:xml:ns:netconf:base:1.0}get attrs: message-id="1"
<INFO> 5-Aug-2016::01:23:02.497 ubuntu confd[27951]: netconf id=11 get attrs: message-id="1"
<INFO> 5-Aug-2016::01:23:02.502 ubuntu confd[27951]: netconf id=11 sending rpc-reply, attrs: message-id="1"
<INFO> 5-Aug-2016::01:23:02.509 ubuntu confd[27951]: netconf id=11 got rpc: {urn:ietf:params:xml:ns:netconf:base:1.0}get attrs: message-id="2"
<INFO> 5-Aug-2016::01:23:02.510 ubuntu confd[27951]: netconf id=11 get attrs: message-id="2"
<INFO> 5-Aug-2016::01:23:02.510 ubuntu confd[27951]: netconf id=11 sending rpc-reply, attrs: message-id="2"
<INFO> 5-Aug-2016::01:23:02.511 ubuntu confd[27951]: netconf id=11 got rpc: {urn:ietf:params:xml:ns:netconf:base:1.0}get attrs: message-id="3"
<INFO> 5-Aug-2016::01:23:02.512 ubuntu confd[27951]: netconf id=11 get attrs: message-id="3"
<INFO> 5-Aug-2016::01:23:02.512 ubuntu confd[27951]: netconf id=11 sending rpc-reply, attrs: message-id="3"
<INFO> 5-Aug-2016::01:23:02.513 ubuntu confd[27951]: netconf id=11 got rpc: {urn:ietf:params:xml:ns:netconf:base:1.0}get attrs: message-id="4"
<INFO> 5-Aug-2016::01:23:02.514 ubuntu confd[27951]: netconf id=11 get attrs: message-id="4"
<INFO> 5-Aug-2016::01:23:02.514 ubuntu confd[27951]: netconf id=11 sending rpc-reply, attrs: message-id="4"
<INFO> 5-Aug-2016::01:23:16.010 ubuntu confd[27951]: netconf id=11 got rpc: {urn:ietf:params:xml:ns:netconf:base:1.0}get attrs: message-id="5"
<INFO> 5-Aug-2016::01:23:16.010 ubuntu confd[27951]: netconf id=11 get attrs: message-id="5"
<INFO> 5-Aug-2016::01:23:16.011 ubuntu confd[27951]: netconf id=11 sending rpc-reply, attrs: message-id="5"
<INFO> 5-Aug-2016::01:23:16.013 ubuntu confd[27951]: netconf id=11 got rpc: {urn:ietf:params:xml:ns:netconf:base:1.0}get attrs: message-id="6"
<INFO> 5-Aug-2016::01:23:16.013 ubuntu confd[27951]: netconf id=11 get attrs: message-id="6"
<INFO> 5-Aug-2016::01:23:16.013 ubuntu confd[27951]: netconf id=11 sending rpc-reply, attrs: message-id="6"
<INFO> 5-Aug-2016::01:23:16.014 ubuntu confd[27951]: netconf id=11 got rpc: {urn:ietf:params:xml:ns:netconf:base:1.0}get attrs: message-id="7"
<INFO> 5-Aug-2016::01:23:16.015 ubuntu confd[27951]: netconf id=11 get attrs: message-id="7"
<INFO> 5-Aug-2016::01:23:16.015 ubuntu confd[27951]: netconf id=11 sending rpc-reply, attrs: message-id="7"
<INFO> 5-Aug-2016::02:02:34.871 ubuntu confd[27951]: netconf id=11 close-session attrs: message-id="8"
<INFO> 5-Aug-2016::02:02:34.876 ubuntu confd[27951]: netconf id=11 ssh transport closed
<INFO> 5-Aug-2016::02:23:39.697 ubuntu confd[27951]: netconf id=12 new ssh session for user "admin" from 127.0.0.1
<INFO> 5-Aug-2016::02:23:39.861 ubuntu confd[27951]: netconf id=12 got rpc: {urn:ietf:params:xml:ns:netconf:base:1.0}discard-changes attrs: message-id="1"
<INFO> 5-Aug-2016::02:23:39.864 ubuntu confd[27951]: netconf id=12 discard-changes attrs: message-id="1"
<INFO> 5-Aug-2016::02:23:39.902 ubuntu confd[27951]: netconf id=12 sending rpc-reply, attrs: message-id="1"
<INFO> 5-Aug-2016::02:23:39.904 ubuntu confd[27951]: netconf id=12 got rpc: {urn:ietf:params:xml:ns:netconf:base:1.0}lock attrs: message-id="2"
<INFO> 5-Aug-2016::02:23:39.908 ubuntu confd[27951]: netconf id=12 lock target=candidate attrs: message-id="2"
<INFO> 5-Aug-2016::02:23:39.920 ubuntu confd[27951]: netconf id=12 sending rpc-reply, attrs: message-id="2"
<INFO> 5-Aug-2016::02:23:39.922 ubuntu confd[27951]: netconf id=12 got rpc: {urn:ietf:params:xml:ns:netconf:base:1.0}get attrs: message-id="3"
<INFO> 5-Aug-2016::02:23:39.927 ubuntu confd[27951]: netconf id=12 get attrs: message-id="3"
<INFO> 5-Aug-2016::02:23:39.933 ubuntu confd[27951]: netconf id=12 sending rpc-reply, attrs: message-id="3"
<INFO> 5-Aug-2016::02:23:40.055 ubuntu confd[27951]: netconf id=12 got rpc: {urn:ietf:params:xml:ns:netconf:base:1.0}unlock attrs: message-id="4"
<INFO> 5-Aug-2016::02:23:40.055 ubuntu confd[27951]: netconf id=12 unlock target=candidate attrs: message-id="4"
<INFO> 5-Aug-2016::02:23:40.060 ubuntu confd[27951]: netconf id=12 sending rpc-reply, attrs: message-id="4"
<INFO> 5-Aug-2016::02:24:11.207 ubuntu confd[27951]: netconf id=12 ssh transport closed
