<INFO> 5-Aug-2016::01:23:02.545 ubuntu confd[27971]: netconf id=11 new ssh session for user "admin" from 127.0.0.1
<INFO> 5-Aug-2016::01:23:02.575 ubuntu confd[27971]: netconf id=11 got rpc: {urn:ietf:params:xml:ns:netconf:base:1.0}get attrs: message-id="1"
<INFO> 5-Aug-2016::01:23:02.579 ubuntu confd[27971]: netconf id=11 get attrs: message-id="1"
<INFO> 5-Aug-2016::01:23:02.583 ubuntu confd[27971]: netconf id=11 sending rpc-reply, attrs: message-id="1"
<INFO> 5-Aug-2016::01:23:02.589 ubuntu confd[27971]: netconf id=11 got rpc: {urn:ietf:params:xml:ns:netconf:base:1.0}get attrs: message-id="2"
<INFO> 5-Aug-2016::01:23:02.589 ubuntu confd[27971]: netconf id=11 get attrs: message-id="2"
<INFO> 5-Aug-2016::01:23:02.589 ubuntu confd[27971]: netconf id=11 sending rpc-reply, attrs: message-id="2"
<INFO> 5-Aug-2016::01:23:02.590 ubuntu confd[27971]: netconf id=11 got rpc: {urn:ietf:params:xml:ns:netconf:base:1.0}get attrs: message-id="3"
<INFO> 5-Aug-2016::01:23:02.591 ubuntu confd[27971]: netconf id=11 get attrs: message-id="3"
<INFO> 5-Aug-2016::01:23:02.591 ubuntu confd[27971]: netconf id=11 sending rpc-reply, attrs: message-id="3"
<INFO> 5-Aug-2016::01:23:02.592 ubuntu confd[27971]: netconf id=11 got rpc: {urn:ietf:params:xml:ns:netconf:base:1.0}get attrs: message-id="4"
<INFO> 5-Aug-2016::01:23:02.592 ubuntu confd[27971]: netconf id=11 get attrs: message-id="4"
<INFO> 5-Aug-2016::01:23:02.593 ubuntu confd[27971]: netconf id=11 sending rpc-reply, attrs: message-id="4"
<INFO> 5-Aug-2016::01:23:16.525 ubuntu confd[27971]: netconf id=11 got rpc: {urn:ietf:params:xml:ns:netconf:base:1.0}get attrs: message-id="5"
<INFO> 5-Aug-2016::01:23:16.526 ubuntu confd[27971]: netconf id=11 get attrs: message-id="5"
<INFO> 5-Aug-2016::01:23:16.526 ubuntu confd[27971]: netconf id=11 sending rpc-reply, attrs: message-id="5"
<INFO> 5-Aug-2016::01:23:16.528 ubuntu confd[27971]: netconf id=11 got rpc: {urn:ietf:params:xml:ns:netconf:base:1.0}get attrs: message-id="6"
<INFO> 5-Aug-2016::01:23:16.528 ubuntu confd[27971]: netconf id=11 get attrs: message-id="6"
<INFO> 5-Aug-2016::01:23:16.528 ubuntu confd[27971]: netconf id=11 sending rpc-reply, attrs: message-id="6"
<INFO> 5-Aug-2016::01:23:16.530 ubuntu confd[27971]: netconf id=11 got rpc: {urn:ietf:params:xml:ns:netconf:base:1.0}get attrs: message-id="7"
<INFO> 5-Aug-2016::01:23:16.530 ubuntu confd[27971]: netconf id=11 get attrs: message-id="7"
<INFO> 5-Aug-2016::01:23:16.530 ubuntu confd[27971]: netconf id=11 sending rpc-reply, attrs: message-id="7"
<INFO> 5-Aug-2016::02:02:34.870 ubuntu confd[27971]: netconf id=11 close-session attrs: message-id="8"
<INFO> 5-Aug-2016::02:02:34.881 ubuntu confd[27971]: netconf id=11 ssh transport closed
<INFO> 5-Aug-2016::02:23:39.698 ubuntu confd[27971]: netconf id=12 new ssh session for user "admin" from 127.0.0.1
<INFO> 5-Aug-2016::02:23:39.860 ubuntu confd[27971]: netconf id=12 got rpc: {urn:ietf:params:xml:ns:netconf:base:1.0}discard-changes attrs: message-id="1"
<INFO> 5-Aug-2016::02:23:39.864 ubuntu confd[27971]: netconf id=12 discard-changes attrs: message-id="1"
<INFO> 5-Aug-2016::02:23:39.904 ubuntu confd[27971]: netconf id=12 sending rpc-reply, attrs: message-id="1"
<INFO> 5-Aug-2016::02:23:39.908 ubuntu confd[27971]: netconf id=12 got rpc: {urn:ietf:params:xml:ns:netconf:base:1.0}lock attrs: message-id="2"
<INFO> 5-Aug-2016::02:23:39.911 ubuntu confd[27971]: netconf id=12 lock target=candidate attrs: message-id="2"
<INFO> 5-Aug-2016::02:23:39.924 ubuntu confd[27971]: netconf id=12 sending rpc-reply, attrs: message-id="2"
<INFO> 5-Aug-2016::02:23:39.926 ubuntu confd[27971]: netconf id=12 got rpc: {urn:ietf:params:xml:ns:netconf:base:1.0}get attrs: message-id="3"
<INFO> 5-Aug-2016::02:23:39.928 ubuntu confd[27971]: netconf id=12 get attrs: message-id="3"
<INFO> 5-Aug-2016::02:23:39.935 ubuntu confd[27971]: netconf id=12 sending rpc-reply, attrs: message-id="3"
<INFO> 5-Aug-2016::02:23:40.056 ubuntu confd[27971]: netconf id=12 got rpc: {urn:ietf:params:xml:ns:netconf:base:1.0}unlock attrs: message-id="4"
<INFO> 5-Aug-2016::02:23:40.056 ubuntu confd[27971]: netconf id=12 unlock target=candidate attrs: message-id="4"
<INFO> 5-Aug-2016::02:23:40.059 ubuntu confd[27971]: netconf id=12 sending rpc-reply, attrs: message-id="4"
<INFO> 5-Aug-2016::02:24:11.225 ubuntu confd[27971]: netconf id=12 ssh transport closed
