**> sess:11 new session

5-Aug-2016::01:23:02.556 **< sess:11 write:
<hello xmlns="urn:ietf:params:xml:ns:netconf:base:1.0">
  <capabilities>
    <capability>urn:ietf:params:netconf:base:1.0</capability>
    <capability>urn:ietf:params:netconf:base:1.1</capability>
    <capability>urn:ietf:params:netconf:capability:candidate:1.0</capability>
    <capability>urn:ietf:params:netconf:capability:confirmed-commit:1.0</capability>
    <capability>urn:ietf:params:netconf:capability:confirmed-commit:1.1</capability>
    <capability>urn:ietf:params:netconf:capability:xpath:1.0</capability>
    <capability>urn:ietf:params:netconf:capability:validate:1.0</capability>
    <capability>urn:ietf:params:netconf:capability:validate:1.1</capability>
    <capability>urn:ietf:params:netconf:capability:rollback-on-error:1.0</capability>
    <capability>http://tail-f.com/ns/netconf/actions/1.0</capability>
    <capability>http://tail-f.com/ns/netconf/extensions</capability>
    <capability>urn:ietf:params:netconf:capability:with-defaults:1.0?basic-mode=explicit&also-supported=report-all-tagged</capability>
    <capability>urn:ietf:params:xml:ns:yang:ietf-netconf-with-defaults?revision=2011-06-01&module=ietf-netconf-with-defaults</capability>
    <capability>http://cisco.com/ns/yang/Cisco-IOS-XR-telemetry-model-driven-cfg?module=mdt&revision=2015-11-09</capability>
    <capability>http://tail-f.com/ns/aaa/1.1?module=tailf-aaa&revision=2015-06-16</capability>
    <capability>http://tail-f.com/ns/webui?module=tailf-webui&revision=2013-03-07</capability>
    <capability>http://tail-f.com/yang/acm?module=tailf-acm&revision=2013-03-07</capability>
    <capability>http://tail-f.com/yang/common-monitoring?module=tailf-common-monitoring&revision=2013-06-14</capability>
    <capability>http://tail-f.com/yang/confd-monitoring?module=tailf-confd-monitoring&revision=2013-06-14</capability>
    <capability>http://tail-f.com/yang/netconf-monitoring?module=tailf-netconf-monitoring&revision=2014-11-13</capability>
    <capability>urn:ietf:params:xml:ns:yang:iana-crypt-hash?module=iana-crypt-hash&revision=2014-04-04&features=crypt-hash-sha-512,crypt-hash-sha-256,crypt-hash-md5</capability>
    <capability>urn:ietf:params:xml:ns:yang:ietf-inet-types?module=ietf-inet-types&revision=2013-07-15</capability>
    <capability>urn:ietf:params:xml:ns:yang:ietf-netconf-acm?module=ietf-netconf-acm&revision=2012-02-22</capability>
    <capability>urn:ietf:params:xml:ns:yang:ietf-netconf-monitoring?module=ietf-netconf-monitoring&revision=2010-10-04</capability>
    <capability>urn:ietf:params:xml:ns:yang:ietf-netconf-notifications?module=ietf-netconf-notifications&revision=2012-02-06</capability>
    <capability>urn:ietf:params:xml:ns:yang:ietf-yang-types?module=ietf-yang-types&revision=2013-07-15</capability>
  </capabilities>
  <session-id>11</session-id>
</hello>

5-Aug-2016::01:23:02.567 **> sess:11 read:
<hello xmlns="urn:ietf:params:xml:ns:netconf:base:1.0">
  <capabilities>
    <capability>urn:ietf:params:netconf:base:1.0</capability>
    <capability>urn:ietf:params:netconf:base:1.1</capability>
  </capabilities>
</hello>
]]>]]>
#281
<rpc message-id="1" xmlns="urn:ietf:params:xml:ns:netconf:base:1.0">
  <get>
    <filter>
      <telemetry-model-driven xmlns="http://cisco.com/ns/yang/Cisco-IOS-XR-telemetry-model-driven-cfg">
        <enable/>
      </telemetry-model-driven>
    </filter>
  </get>
</rpc>

5-Aug-2016::01:23:02.584 **< sess:11 write:
<rpc-reply message-id="1" xmlns="urn:ietf:params:xml:ns:netconf:base:1.0">
  <data/>
</rpc-reply>

##

#350
<rpc message-id="2" xmlns="urn:ietf:params:xml:ns:netconf:base:1.0">
  <get>
    <filter>
      <telemetry-model-driven xmlns="http://cisco.com/ns/yang/Cisco-IOS-XR-telemetry-model-driven-cfg">
        <sensor-groups>
          <sensor-group
5-Aug-2016::01:23:02.589 **< sess:11 write:
>
<rpc-reply message-id="2" xmlns="urn:ietf:params:xml:ns:netconf:base:1.0"            <sensor-group-identifier>
/>
  <data          </sensor-group>
        </sensor-groups>
      </telemetry-model-driven>
/>
    </filter>
</rpc-reply>
  </get>
</rpc>

##

#350
<rpc message-id="3" xmlns="urn:ietf:params:xml:ns:netconf:base:1.0">
  <get>
    <filter>
      <telemetry-model-driven xmlns="http://cisco.com/ns/yang/Cisco-IOS-XR-telemetry-model-driven-cfg">
        <subscriptions>
          <subscription
5-Aug-2016::01:23:02.591 **< sess:11 write:
>
<rpc-reply message-id="3" xmlns="urn:ietf:params:xml:ns:netconf:base:1.0"            <subscription-identifier>
/>
  <data          </subscription>
        </subscriptions>
      </telemetry-model-driven>
/>
    </filter>
</rpc-reply>
  </get>
</rpc>

##

#361
<rpc message-id="4" xmlns="urn:ietf:params:xml:ns:netconf:base:1.0">
  <get>
    <filter>
      <telemetry-model-driven xmlns="http://cisco.com/ns/yang/Cisco-IOS-XR-telemetry-model-driven-cfg">
        <destination-groups>
          <destination-group
5-Aug-2016::01:23:02.593 **< sess:11 write:
>
<rpc-reply message-id="4" xmlns="urn:ietf:params:xml:ns:netconf:base:1.0"            <destination-id>
/>
  <data          </destination-group>
        </destination-groups>
      </telemetry-model-driven>
/>
    </filter>
</rpc-reply>
  </get>
</rpc>

##

#350
<rpc message-id="5" xmlns="urn:ietf:params:xml:ns:netconf:base:1.0">
  <get>
    <filter>
      <telemetry-model-driven xmlns="http://cisco.com/ns/yang/Cisco-IOS-XR-telemetry-model-driven-cfg">
        <sensor-groups>
          <sensor-group>
            <sensor-group-identifier/>
          </sensor-group>
        </sensor-groups>
      </telemetry-model-driven>
    </filter>
  </get>
</rpc>

5-Aug-2016::01:23:16.526 **< sess:11 write:
<rpc-reply message-id="5" xmlns="urn:ietf:params:xml:ns:netconf:base:1.0">
  <data/>
</rpc-reply>

##

#350
<rpc message-id="6" xmlns="urn:ietf:params:xml:ns:netconf:base:1.0">
  <get>
    <filter>
      <telemetry-model-driven xmlns="http://cisco.com/ns/yang/Cisco-IOS-XR-telemetry-model-driven-cfg">
        <subscriptions>
          <subscription
5-Aug-2016::01:23:16.528 **< sess:11 write:
>
<rpc-reply message-id="6" xmlns="urn:ietf:params:xml:ns:netconf:base:1.0"            <subscription-identifier>
/>
  <data          </subscription>
        </subscriptions>
      </telemetry-model-driven>
/>
    </filter>
</rpc-reply>
  </get>
</rpc>

##

#361
<rpc message-id="7" xmlns="urn:ietf:params:xml:ns:netconf:base:1.0">
  <get>
    <filter>
      <telemetry-model-driven xmlns="http://cisco.com/ns/yang/Cisco-IOS-XR-telemetry-model-driven-cfg">
        <destination-groups>
          <destination-group
5-Aug-2016::01:23:16.531 **< sess:11 write:
>
<rpc-reply message-id="7" xmlns="urn:ietf:params:xml:ns:netconf:base:1.0"            <destination-id>
/>
  <data          </destination-group>
        </destination-groups>
      </telemetry-model-driven>
/>
    </filter>
</rpc-reply>
  </get>
</rpc>

##

#130
<rpc message-id="8" xmlns="urn:ietf:params:xml:ns:netconf:base:1.0">
  <close-session**> sess:11 session aborted
/>
**> sess:12 new session

5-Aug-2016::02:23:39.706 **< sess:12 write:
<hello xmlns="urn:ietf:params:xml:ns:netconf:base:1.0">
  <capabilities>
    <capability>urn:ietf:params:netconf:base:1.0</capability>
    <capability>urn:ietf:params:netconf:base:1.1</capability>
    <capability>urn:ietf:params:netconf:capability:candidate:1.0</capability>
    <capability>urn:ietf:params:netconf:capability:confirmed-commit:1.0</capability>
    <capability>urn:ietf:params:netconf:capability:confirmed-commit:1.1</capability>
    <capability>urn:ietf:params:netconf:capability:xpath:1.0</capability>
    <capability>urn:ietf:params:netconf:capability:validate:1.0</capability>
    <capability>urn:ietf:params:netconf:capability:validate:1.1</capability>
    <capability>urn:ietf:params:netconf:capability:rollback-on-error:1.0</capability>
    <capability>http://tail-f.com/ns/netconf/actions/1.0</capability>
    <capability>http://tail-f.com/ns/netconf/extensions</capability>
    <capability>urn:ietf:params:netconf:capability:with-defaults:1.0?basic-mode=explicit&also-supported=report-all-tagged</capability>
    <capability>urn:ietf:params:xml:ns:yang:ietf-netconf-with-defaults?revision=2011-06-01&module=ietf-netconf-with-defaults</capability>
    <capability>http://cisco.com/ns/yang/Cisco-IOS-XR-telemetry-model-driven-cfg?module=mdt&revision=2015-11-09</capability>
    <capability>http://tail-f.com/ns/aaa/1.1?module=tailf-aaa&revision=2015-06-16</capability>
    <capability>http://tail-f.com/ns/webui?module=tailf-webui&revision=2013-03-07</capability>
    <capability>http://tail-f.com/yang/acm?module=tailf-acm&revision=2013-03-07</capability>
    <capability>http://tail-f.com/yang/common-monitoring?module=tailf-common-monitoring&revision=2013-06-14</capability>
    <capability>http://tail-f.com/yang/confd-monitoring?module=tailf-confd-monitoring&revision=2013-06-14</capability>
    <capability>http://tail-f.com/yang/netconf-monitoring?module=tailf-netconf-monitoring&revision=2014-11-13</capability>
    <capability>urn:ietf:params:xml:ns:yang:iana-crypt-hash?module=iana-crypt-hash&revision=2014-04-04&features=crypt-hash-sha-512,crypt-hash-sha-256,crypt-hash-md5</capability>
    <capability>urn:ietf:params:xml:ns:yang:ietf-inet-types?module=ietf-inet-types&revision=2013-07-15</capability>
    <capability>urn:ietf:params:xml:ns:yang:ietf-netconf-acm?module=ietf-netconf-acm&revision=2012-02-22</capability>
    <capability>urn:ietf:params:xml:ns:yang:ietf-netconf-monitoring?module=ietf-netconf-monitoring&revision=2010-10-04</capability>
    <capability>urn:ietf:params:xml:ns:yang:ietf-netconf-notifications?module=ietf-netconf-notifications&revision=2012-02-06</capability>
    <capability>urn:ietf:params:xml:ns:yang:ietf-yang-types?module=ietf-yang-types&revision=2013-07-15</capability>
  </capabilities>
  <session-id>12</session-id>
</hello>

5-Aug-2016::02:23:39.732 **> sess:12 read:
<hello xmlns="urn:ietf:params:xml:ns:netconf:base:1.0">
  <capabilities>
    <capability>urn:ietf:params:netconf:base:1.0</capability>
    <capability>urn:ietf:params:netconf:base:1.1</capability>
  </capabilities>
</hello>
]]>]]>
#132
<rpc message-id="1" xmlns="urn:ietf:params:xml:ns:netconf:base:1.0">
  <discard-changes/>
</rpc>

5-Aug-2016::02:23:39.905 **< sess:12 write:
<rpc-reply message-id="1" xmlns="urn:ietf:params:xml:ns:netconf:base:1.0">
  <ok/>
</rpc-reply>

##

#158
<rpc message-id="2" xmlns="urn:ietf:params:xml:ns:netconf:base:1.0">
  <lock>
    <target>
      <candidate/>
    </target>
  </lock>
</rpc>

5-Aug-2016::02:23:39.924 **< sess:12 write:
<rpc-reply message-id="2" xmlns="urn:ietf:params:xml:ns:netconf:base:1.0">
  <ok/>
</rpc-reply>

##

#419
<rpc message-id="3" xmlns="urn:ietf:params:xml:ns:netconf:base:1.0">
  <get xmlns:nc="urn:ietf:params:xml:ns:netconf:base:1.0">
    <filter>
      <netconf-state xmlns="urn:ietf:params:xml:ns:yang:ietf-netconf-monitoring">
        <datastores>
          <datastore>
            <name>running</name>
            <transaction-id xmlns="http://tail-f.com/yang/netconf-monitoring"/>
          </datastore>
        </datastores>
      </netconf-state>

5-Aug-2016::02:23:39.935 **< sess:12 write:
    </filter>
<rpc-reply message-id="3" xmlns="urn:ietf:params:xml:ns:netconf:base:1.0"  </get>
>
</rpc>
  <data>
    <netconf-state xmlns="urn:ietf:params:xml:ns:yang:ietf-netconf-monitoring">
      <datastores>
        <datastore>
          <name>running</name>
          <transaction-id xmlns="http://tail-f.com/yang/netconf-monitoring">1470-384856-615916</transaction-id>
        </datastore>
      </datastores>
    </netconf-state>
  </data>
</rpc-reply>

##

#162
<rpc message-id="4" xmlns="urn:ietf:params:xml:ns:netconf:base:1.0">
  <unlock>
    <target>
      <candidate/>
    </target>
  </unlock>
</rpc>

5-Aug-2016::02:23:40.059 **< sess:12 write:
<rpc-reply message-id="4" xmlns="urn:ietf:params:xml:ns:netconf:base:1.0">
  <ok/>
</rpc-reply>
**> sess:12 session aborted
